<?xml version="1.0" encoding="UTF-8"?>
<!-- Generated by org.testng.reporters.JUnitXMLReporter -->
<testsuite hostname="selenium-PC" ignored="0" name="CreateAccount Test" tests="1" failures="1" timestamp="17 Dec 2018 04:58:14 GMT" time="47.978" errors="0">
  <testcase name="createAccountTest" time="47.447" classname="com.pol.testcases.CreateAccountTest">
    <failure type="java.lang.AssertionError" message="Create account test failed">
      <![CDATA[java.lang.AssertionError: Create account test failed
at org.junit.Assert.fail(Assert.java:88)
at com.pol.testcases.CreateAccountTest.createAccountTest(CreateAccountTest.java:33)
... Removed 25 stack frames]]>
    </failure>
  </testcase> <!-- createAccountTest -->
</testsuite> <!-- CreateAccount Test -->
