<?xml version="1.0" encoding="utf-8" ?>
<!DOCTYPE html PUBLIC "-//W3C//DTD XHTML 1.0 Strict//EN"
        "http://www.w3.org/TR/xhtml1/DTD/xhtml1-strict.dtd">
<html xmlns="http://www.w3.org/1999/xhtml" xml:lang="" lang="">
<head>
  <title>Test Results Report - Login Test</title>
  <meta http-equiv="Content-Type" content="text/html;charset=utf-8" />
  <meta name="description" content="TestNG unit test results." />
  <link href="reportng.css" rel="stylesheet" type="text/css" />
    <script type="text/javascript" src="reportng.js"></script>
</head>
<body>
<h1>Login Test</h1>
<p>
  Test duration: 40.269s
</p>



  <table class="resultsTable">
    <tr><th colspan="3" class="header failed">Failed Tests</th></tr>
          <tr>
        <td colspan="3" class="group">com.pol.testcases.FlightSearchTest</td>
      </tr>
            
<tr>
  <td class="method">
                  flightSearchTest
      </td>
  <td class="duration">
    40.269s
  </td>
  <td class="result">
        
    
        

        <a href="javascript:toggleElement('exception-0', 'block')" title="Click to expand/collapse"><b>java.lang.Throwable: Multiple failures (2):<br/>
<br/>
Failure 1 of 2:<br/>
java.lang.AssertionError: expected [7] but found [5]<br/>
	at org.testng.Assert.fail(Assert.java:96)<br/>
	at org.testng.Assert.failNotEquals(Assert.java:776)<br/>
	at org.testng.Assert.assertEqualsImpl(Assert.java:137)<br/>
	at org.testng.Assert.assertEquals(Assert.java:118)<br/>
	at org.testng.Assert.assertEquals(Assert.java:442)<br/>
	at com.pol.errorcollectors.ErrorCollector.assertEquals(ErrorCollector.java:38)<br/>
	at com.pol.errorcollectors.ErrorCollector.verifyEquals(ErrorCollector.java:102)<br/>
	at com.pol.testcases.FlightSearchTest.flightSearchTest(FlightSearchTest.java:20)<br/>
	at sun.reflect.NativeMethodAccessorImpl.invoke0(Native Method)<br/>
	at sun.reflect.NativeMethodAccessorImpl.invoke(NativeMethodAccessorImpl.java:62)<br/>
	at sun.reflect.DelegatingMethodAccessorImpl.invoke(DelegatingMethodAccessorImpl.java:43)<br/>
	at java.lang.reflect.Method.invoke(Method.java:498)<br/>
	at org.testng.internal.MethodInvocationHelper.invokeMethod(MethodInvocationHelper.java:124)<br/>
	at org.testng.internal.Invoker.invokeMethod(Invoker.java:583)<br/>
	at org.testng.internal.Invoker.invokeTestMethod(Invoker.java:719)<br/>
	at org.testng.internal.Invoker.invokeTestMethods(Invoker.java:989)<br/>
	at org.testng.internal.TestMethodWorker.invokeTestMethods(TestMethodWorker.java:125)<br/>
	at org.testng.internal.TestMethodWorker.run(TestMethodWorker.java:109)<br/>
	at org.testng.TestRunner.privateRun(TestRunner.java:648)<br/>
	at org.testng.TestRunner.run(TestRunner.java:505)<br/>
	at org.testng.SuiteRunner.runTest(SuiteRunner.java:455)<br/>
	at org.testng.SuiteRunner.runSequentially(SuiteRunner.java:450)<br/>
	at org.testng.SuiteRunner.privateRun(SuiteRunner.java:415)<br/>
	at org.testng.SuiteRunner.run(SuiteRunner.java:364)<br/>
	at org.testng.SuiteRunnerWorker.runSuite(SuiteRunnerWorker.java:52)<br/>
	at org.testng.SuiteRunnerWorker.run(SuiteRunnerWorker.java:84)<br/>
	at org.testng.TestNG.runSuitesSequentially(TestNG.java:1208)<br/>
	at org.testng.TestNG.runSuitesLocally(TestNG.java:1137)<br/>
	at org.testng.TestNG.runSuites(TestNG.java:1049)<br/>
	at org.testng.TestNG.run(TestNG.java:1017)<br/>
	at org.testng.remote.AbstractRemoteTestNG.run(AbstractRemoteTestNG.java:114)<br/>
	at org.testng.remote.RemoteTestNG.initAndRun(RemoteTestNG.java:251)<br/>
	at org.testng.remote.RemoteTestNG.main(RemoteTestNG.java:77)<br/>
<br/>
<br/>
Failure 2 of 2:<br/>
java.lang.AssertionError: expected [8] but found [5]</b></a><br />
    <div class="stackTrace" id="exception-0">
              org.testng.Assert.fail(Assert.java:96)<br />
              org.testng.Assert.failNotEquals(Assert.java:776)<br />
              org.testng.Assert.assertEqualsImpl(Assert.java:137)<br />
              org.testng.Assert.assertEquals(Assert.java:118)<br />
              org.testng.Assert.assertEquals(Assert.java:442)<br />
              com.pol.errorcollectors.ErrorCollector.assertEquals(ErrorCollector.java:38)<br />
              com.pol.errorcollectors.ErrorCollector.verifyEquals(ErrorCollector.java:102)<br />
              com.pol.testcases.FlightSearchTest.flightSearchTest(FlightSearchTest.java:21)<br />
              sun.reflect.NativeMethodAccessorImpl.invoke0(Native Method)<br />
              sun.reflect.NativeMethodAccessorImpl.invoke(NativeMethodAccessorImpl.java:62)<br />
              sun.reflect.DelegatingMethodAccessorImpl.invoke(DelegatingMethodAccessorImpl.java:43)<br />
              java.lang.reflect.Method.invoke(Method.java:498)<br />
              org.testng.internal.MethodInvocationHelper.invokeMethod(MethodInvocationHelper.java:124)<br />
              org.testng.internal.Invoker.invokeMethod(Invoker.java:583)<br />
              org.testng.internal.Invoker.invokeTestMethod(Invoker.java:719)<br />
              org.testng.internal.Invoker.invokeTestMethods(Invoker.java:989)<br />
              org.testng.internal.TestMethodWorker.invokeTestMethods(TestMethodWorker.java:125)<br />
              org.testng.internal.TestMethodWorker.run(TestMethodWorker.java:109)<br />
              org.testng.TestRunner.privateRun(TestRunner.java:648)<br />
              org.testng.TestRunner.run(TestRunner.java:505)<br />
              org.testng.SuiteRunner.runTest(SuiteRunner.java:455)<br />
              org.testng.SuiteRunner.runSequentially(SuiteRunner.java:450)<br />
              org.testng.SuiteRunner.privateRun(SuiteRunner.java:415)<br />
              org.testng.SuiteRunner.run(SuiteRunner.java:364)<br />
              org.testng.SuiteRunnerWorker.runSuite(SuiteRunnerWorker.java:52)<br />
              org.testng.SuiteRunnerWorker.run(SuiteRunnerWorker.java:84)<br />
              org.testng.TestNG.runSuitesSequentially(TestNG.java:1208)<br />
              org.testng.TestNG.runSuitesLocally(TestNG.java:1137)<br />
              org.testng.TestNG.runSuites(TestNG.java:1049)<br />
              org.testng.TestNG.run(TestNG.java:1017)<br />
              org.testng.remote.AbstractRemoteTestNG.run(AbstractRemoteTestNG.java:114)<br />
              org.testng.remote.RemoteTestNG.initAndRun(RemoteTestNG.java:251)<br />
              org.testng.remote.RemoteTestNG.main(RemoteTestNG.java:77)<br />
                </div>
      </td>
</tr>
      </table>


  
</body>
</html>
