<!DOCTYPE html PUBLIC "-//W3C//DTD XHTML 1.1//EN" "http://www.w3.org/TR/xhtml11/DTD/xhtml11.dtd">
<html xmlns="http://www.w3.org/1999/xhtml">
<head>
<meta http-equiv="content-type" content="text/html; charset=UTF-8"/>
<title>TestNG Report</title>
<style type="text/css">table {margin-bottom:10px;border-collapse:collapse;empty-cells:show}th,td {border:1px solid #009;padding:.25em .5em}th {vertical-align:bottom}td {vertical-align:top}table a {font-weight:bold}.stripe td {background-color: #E6EBF9}.num {text-align:right}.passedodd td {background-color: #3F3}.passedeven td {background-color: #0A0}.skippedodd td {background-color: #DDD}.skippedeven td {background-color: #CCC}.failedodd td,.attn {background-color: #F33}.failedeven td,.stripe .attn {background-color: #D00}.stacktrace {white-space:pre;font-family:monospace}.totop {font-size:85%;text-align:center;border-bottom:2px solid #000}.invisible {display:none}</style>
</head>
<body>
<table>
<tr><th>Test</th><th># Passed</th><th># Skipped</th><th># Failed</th><th>Time (ms)</th><th>Included Groups</th><th>Excluded Groups</th></tr>
<tr><th colspan="7">Suite</th></tr>
<tr><td><a href="#t0">Bank Manager Test</a></td><td class="num">1</td><td class="num">0</td><td class="num">0</td><td class="num">1,339</td><td></td><td></td></tr>
<tr class="stripe"><td><a href="#t1">Add Customer Test</a></td><td class="num">3</td><td class="num attn">1</td><td class="num">0</td><td class="num">2,455</td><td></td><td></td></tr>
<tr><td><a href="#t2">Open Account Test</a></td><td class="num">0</td><td class="num attn">1</td><td class="num">0</td><td class="num">83</td><td></td><td></td></tr>
<tr><th>Total</th><th class="num">4</th><th class="num attn">2</th><th class="num">0</th><th class="num">3,877</th><th colspan="2"></th></tr>
</table>
<table id='summary'><thead><tr><th>Class</th><th>Method</th><th>Start</th><th>Time (ms)</th></tr></thead><tbody><tr><th colspan="4">Suite</th></tr></tbody><tbody id="t0"><tr><th colspan="4">Bank Manager Test &#8212; passed</th></tr><tr class="passedeven"><td rowspan="1">com.ddf.testcases.BankMangerLogin</td><td><a href="#m0">bankMangerLogin</a></td><td rowspan="1">1544779834979</td><td rowspan="1">921</td></tr></tbody>
<tbody id="t1"><tr><th colspan="4">Add Customer Test &#8212; skipped</th></tr><tr class="skippedeven"><td rowspan="1">com.ddf.testcases.AddCustomerTest</td><td><a href="#m1">AddCustomer</a></td><td rowspan="1">1544779838110</td><td rowspan="1">2</td></tr><tr><th colspan="4">Add Customer Test &#8212; passed</th></tr><tr class="passedeven"><td rowspan="3">com.ddf.testcases.AddCustomerTest</td><td><a href="#m2">AddCustomer</a></td><td rowspan="3">1544779838198</td><td rowspan="3">514</td></tr><tr class="passedeven"><td><a href="#m3">AddCustomer</a></td></tr><tr class="passedeven"><td><a href="#m4">AddCustomer</a></td></tr></tbody>
<tbody id="t2"><tr><th colspan="4">Open Account Test &#8212; skipped</th></tr><tr class="skippedeven"><td rowspan="1">com.ddf.testcases.OpenAccountTest</td><td><a href="#m5">OpenAccount</a></td><td rowspan="1">1544779838844</td><td rowspan="1">2</td></tr></tbody>
</table>
<h2>Bank Manager Test</h2><h3 id="m0">com.ddf.testcases.BankMangerLogin#bankMangerLogin</h3><table class="result"><tr><th>Messages</th></tr><tr><td><div class="messages"><br>Verification failure : expected [abc] but found [xyz]<br><br/><a target="_blank" href=Fri_Dec_14_15_00_34_IST_2018.jpg><img src=Fri_Dec_14_15_00_34_IST_2018.jpg height=200 width=200></img></a><br/><br><br/><br><br/>Login sucessfully executed</div></td></tr></table><p class="totop"><a href="#summary">back to summary</a></p>
<h2>Add Customer Test</h2><h3 id="m1">com.ddf.testcases.AddCustomerTest#AddCustomer</h3><table class="result"><tr class="param"><th>Parameter #1</th></tr><tr class="param stripe"><td>{RunMode=N, alerttext=Customer added successfully, postcode=44554.0, lastname=mishra, firstname=hari}</td></tr><tr><th>Exception</th></tr><tr><td><div class="stacktrace">org.testng.SkipException: Skipping the test case as the Run mode for data set is NO
	at com.ddf.testcases.AddCustomerTest.AddCustomer(AddCustomerTest.java:23)
... Removed 25 stack frames</div></td></tr></table><p class="totop"><a href="#summary">back to summary</a></p>
<h3 id="m2">com.ddf.testcases.AddCustomerTest#AddCustomer</h3><table class="result"><tr class="param"><th>Parameter #1</th></tr><tr class="param stripe"><td>{RunMode=Y, alerttext=Customer added successfully, postcode=44554.0, lastname=patel, firstname=gopal}</td></tr></table><p class="totop"><a href="#summary">back to summary</a></p>
<h3 id="m3">com.ddf.testcases.AddCustomerTest#AddCustomer</h3><table class="result"><tr class="param"><th>Parameter #1</th></tr><tr class="param stripe"><td>{RunMode=Y, alerttext=Customer added successfully, postcode=44554.0, lastname=prasad, firstname=sam}</td></tr></table><p class="totop"><a href="#summary">back to summary</a></p>
<h3 id="m4">com.ddf.testcases.AddCustomerTest#AddCustomer</h3><table class="result"><tr class="param"><th>Parameter #1</th></tr><tr class="param stripe"><td>{RunMode=Y, alerttext=Customer added successfully, postcode=6789.0, lastname=dash, firstname=ram}</td></tr></table><p class="totop"><a href="#summary">back to summary</a></p>
<h2>Open Account Test</h2><h3 id="m5">com.ddf.testcases.OpenAccountTest#OpenAccount</h3><table class="result"><tr class="param"><th>Parameter #1</th></tr><tr class="param stripe"><td>{Currency=Rupee, customer=ram dash}</td></tr><tr><th>Exception</th></tr><tr><td><div class="stacktrace">org.testng.SkipException: Skipping the testSkipped the test case as run mode is set to NO
	at com.ddf.testcases.OpenAccountTest.OpenAccount(OpenAccountTest.java:20)
... Removed 25 stack frames</div></td></tr></table><p class="totop"><a href="#summary">back to summary</a></p>
</body>
</html>
